<?xml version="1.0" encoding="UTF-8"?>
<!-- Generated by org.testng.reporters.JUnitReportReporter -->
<testsuite hostname="jkabir" name="testcases.TC003" tests="1" failures="0" timestamp="19 Jul 2020 15:56:31 GMT" time="15.179" errors="0">
  <testcase name="tcase3" time="15.179" classname="testcases.TC003"/>
</testsuite> <!-- testcases.TC003 -->
