<?xml version="1.0" encoding="UTF-8"?>
<!-- Generated by org.testng.reporters.JUnitReportReporter -->
<testsuite hostname="jkabir" name="testcases.TC001$Tc001" tests="1" failures="0" timestamp="19 Jul 2020 14:22:52 GMT" time="14.803" errors="0">
  <testcase name="tcase1" time="14.803" classname="testcases.TC001$Tc001"/>
</testsuite> <!-- testcases.TC001$Tc001 -->
