<?xml version="1.0" encoding="UTF-8"?>
<!-- Generated by org.testng.reporters.JUnitReportReporter -->
<testsuite hostname="jkabir" name="testcases.TC002" tests="1" failures="0" timestamp="19 Jul 2020 15:56:31 GMT" time="13.009" errors="0">
  <testcase name="tcase1" time="13.009" classname="testcases.TC002"/>
</testsuite> <!-- testcases.TC002 -->
