<?xml version="1.0" encoding="UTF-8"?>
<!-- Generated by org.testng.reporters.JUnitReportReporter -->
<testsuite hostname="jkabir" name="testcases.TC001" tests="1" failures="0" timestamp="19 Jul 2020 15:56:31 GMT" time="18.253" errors="0">
  <testcase name="tcase2" time="18.253" classname="testcases.TC001"/>
</testsuite> <!-- testcases.TC001 -->
